[debug] [2023-07-29T07:15:27.430Z] ----------------------------------------------------------------------
[debug] [2023-07-29T07:15:27.432Z] Command:       C:\Program Files\nodejs\node.exe C:\Users\risha\AppData\Roaming\npm\node_modules\firebase-tools\lib\bin\firebase.js login
[debug] [2023-07-29T07:15:27.432Z] CLI Version:   12.4.6
[debug] [2023-07-29T07:15:27.433Z] Platform:      win32
[debug] [2023-07-29T07:15:27.433Z] Node Version:  v18.16.0
[debug] [2023-07-29T07:15:27.434Z] Time:          Sat Jul 29 2023 12:45:27 GMT+0530 (India Standard Time)
[debug] [2023-07-29T07:15:27.434Z] ----------------------------------------------------------------------
[debug] 
[debug] [2023-07-29T07:15:27.437Z] >>> [apiv2][query] GET https://firebase-public.firebaseio.com/cli.json [none]
[info] i  Firebase optionally collects CLI and Emulator Suite usage and error reporting information to help improve our products. Data is collected in accordance with Google's privacy policy (https://policies.google.com/privacy) and is not used to identify you.
 
[debug] [2023-07-29T07:15:28.413Z] <<< [apiv2][status] GET https://firebase-public.firebaseio.com/cli.json 200
[debug] [2023-07-29T07:15:28.414Z] <<< [apiv2][body] GET https://firebase-public.firebaseio.com/cli.json {"cloudBuildErrorAfter":1594252800000,"cloudBuildWarnAfter":1590019200000,"defaultNode10After":1594252800000,"minVersion":"3.0.5","node8DeploysDisabledAfter":1613390400000,"node8RuntimeDisabledAfter":1615809600000,"node8WarnAfter":1600128000000}
[info] i  To change your data collection preference at any time, run `firebase logout` and log in again. 
[info] 
[info] Visit this URL on this device to log in:
[info] https://accounts.google.com/o/oauth2/auth?client_id=563584335869-fgrhgmd47bqnekij5i8b5pr03ho849e6.apps.googleusercontent.com&scope=email%20openid%20https%3A%2F%2Fwww.googleapis.com%2Fauth%2Fcloudplatformprojects.readonly%20https%3A%2F%2Fwww.googleapis.com%2Fauth%2Ffirebase%20https%3A%2F%2Fwww.googleapis.com%2Fauth%2Fcloud-platform&response_type=code&state=916907487&redirect_uri=http%3A%2F%2Flocalhost%3A9005
[info] 
[info] Waiting for authentication...
[debug] [2023-07-29T07:25:38.632Z] ----------------------------------------------------------------------
[debug] [2023-07-29T07:25:38.635Z] Command:       C:\Program Files\nodejs\node.exe C:\Users\risha\AppData\Roaming\npm\node_modules\firebase-tools\lib\bin\firebase.js login --interactive
[debug] [2023-07-29T07:25:38.636Z] CLI Version:   12.4.6
[debug] [2023-07-29T07:25:38.637Z] Platform:      win32
[debug] [2023-07-29T07:25:38.637Z] Node Version:  v18.16.0
[debug] [2023-07-29T07:25:38.638Z] Time:          Sat Jul 29 2023 12:55:38 GMT+0530 (India Standard Time)
[debug] [2023-07-29T07:25:38.638Z] ----------------------------------------------------------------------
[debug] 
[info] i  Firebase optionally collects CLI and Emulator Suite usage and error reporting information to help improve our products. Data is collected in accordance with Google's privacy policy (https://policies.google.com/privacy) and is not used to identify you.
 
[info] i  To change your data collection preference at any time, run `firebase logout` and log in again. 
[info] 
[info] Visit this URL on this device to log in:
[info] https://accounts.google.com/o/oauth2/auth?client_id=563584335869-fgrhgmd47bqnekij5i8b5pr03ho849e6.apps.googleusercontent.com&scope=email%20openid%20https%3A%2F%2Fwww.googleapis.com%2Fauth%2Fcloudplatformprojects.readonly%20https%3A%2F%2Fwww.googleapis.com%2Fauth%2Ffirebase%20https%3A%2F%2Fwww.googleapis.com%2Fauth%2Fcloud-platform&response_type=code&state=8605530&redirect_uri=http%3A%2F%2Flocalhost%3A9005
[info] 
[info] Waiting for authentication...
